<?xml version="1.0" encoding="UTF-8" standalone="no"?><testsuite errors="1" failures="0" name="Search for song on youtube page" skipped="0" tests="1" time="0.31" timestamp="2023-08-08 06:35:11"><testcase name="Select a song randomly"><error type="java.lang.NullPointerException"/><system-err>null&#13;
com.google.common.base.Preconditions.checkNotNull(Preconditions.java:889)&#13;
com.youtube.stepDefinitions.SearchSongStepDefinition.thatTheUserEntersTheYoutubePage(SearchSongStepDefinition.java:20)&#13;
✽.That the user enters the youtube page(file:///C:/Users/User/Desktop/SEMILLERO%20AUTOMATIZACION/ScreenPlay/PageYoutube/src/test/resources/features/searchSong.feature:4)&#13;
</system-err></testcase></testsuite>